[28-Nov-2015 18:50:41 UTC] PHP Fatal error:  Uncaught exception 'Zend_Log_Exception' with message 'Unable to write to stream' in /website/application/libraries/Zend/Log/Writer/Stream.php:135
Stack trace:
#0 /website/application/libraries/Zend/Log/Writer/Abstract.php(85): Zend_Log_Writer_Stream->_write(Array)
#1 /website/application/libraries/Zend/Log.php(438): Zend_Log_Writer_Abstract->write(Array)
#2 /website/application/libraries/Engine/Api.php(689): Zend_Log->log('[2] Unknown: Fa...', 4)
#3 [internal function]: Engine_Api::handleError(2, 'Unknown: Failed...', 'Unknown', 0, Array)
#4 {main}
  thrown in /website/application/libraries/Zend/Log/Writer/Stream.php on line 135
[28-Nov-2015 18:52:12 UTC] PHP Fatal error:  Uncaught exception 'Zend_Log_Exception' with message 'Unable to write to stream' in /website/application/libraries/Zend/Log/Writer/Stream.php:135
Stack trace:
#0 /website/application/libraries/Zend/Log/Writer/Abstract.php(85): Zend_Log_Writer_Stream->_write(Array)
#1 /website/application/libraries/Zend/Log.php(438): Zend_Log_Writer_Abstract->write(Array)
#2 /website/application/libraries/Engine/Api.php(689): Zend_Log->log('[2] Unknown: Fa...', 4)
#3 [internal function]: Engine_Api::handleError(2, 'Unknown: Failed...', 'Unknown', 0, Array)
#4 {main}
  thrown in /website/application/libraries/Zend/Log/Writer/Stream.php on line 135
[28-Nov-2015 18:52:20 UTC] PHP Fatal error:  Uncaught exception 'Zend_Log_Exception' with message 'Unable to write to stream' in /website/application/libraries/Zend/Log/Writer/Stream.php:135
Stack trace:
#0 /website/application/libraries/Zend/Log/Writer/Abstract.php(85): Zend_Log_Writer_Stream->_write(Array)
#1 /website/application/libraries/Zend/Log.php(438): Zend_Log_Writer_Abstract->write(Array)
#2 /website/application/libraries/Engine/Api.php(689): Zend_Log->log('[2] Unknown: Fa...', 4)
#3 [internal function]: Engine_Api::handleError(2, 'Unknown: Failed...', 'Unknown', 0, Array)
#4 {main}
  thrown in /website/application/libraries/Zend/Log/Writer/Stream.php on line 135
[28-Nov-2015 18:53:32 UTC] PHP Fatal error:  Uncaught exception 'Zend_Log_Exception' with message 'Unable to write to stream' in /website/application/libraries/Zend/Log/Writer/Stream.php:135
Stack trace:
#0 /website/application/libraries/Zend/Log/Writer/Abstract.php(85): Zend_Log_Writer_Stream->_write(Array)
#1 /website/application/libraries/Zend/Log.php(438): Zend_Log_Writer_Abstract->write(Array)
#2 /website/application/libraries/Engine/Api.php(689): Zend_Log->log('[2] Unknown: Fa...', 4)
#3 [internal function]: Engine_Api::handleError(2, 'Unknown: Failed...', 'Unknown', 0, Array)
#4 {main}
  thrown in /website/application/libraries/Zend/Log/Writer/Stream.php on line 135
[28-Nov-2015 18:56:48 UTC] PHP Fatal error:  Uncaught exception 'Zend_Log_Exception' with message 'Unable to write to stream' in /website/application/libraries/Zend/Log/Writer/Stream.php:135
Stack trace:
#0 /website/application/libraries/Zend/Log/Writer/Abstract.php(85): Zend_Log_Writer_Stream->_write(Array)
#1 /website/application/libraries/Zend/Log.php(438): Zend_Log_Writer_Abstract->write(Array)
#2 /website/application/libraries/Engine/Api.php(689): Zend_Log->log('[2] Unknown: Fa...', 4)
#3 [internal function]: Engine_Api::handleError(2, 'Unknown: Failed...', 'Unknown', 0, Array)
#4 {main}
  thrown in /website/application/libraries/Zend/Log/Writer/Stream.php on line 135
[28-Nov-2015 18:57:52 UTC] PHP Fatal error:  Uncaught exception 'Zend_Log_Exception' with message 'Unable to write to stream' in /website/application/libraries/Zend/Log/Writer/Stream.php:135
Stack trace:
#0 /website/application/libraries/Zend/Log/Writer/Abstract.php(85): Zend_Log_Writer_Stream->_write(Array)
#1 /website/application/libraries/Zend/Log.php(438): Zend_Log_Writer_Abstract->write(Array)
#2 /website/application/libraries/Engine/Api.php(689): Zend_Log->log('[2] Unknown: Fa...', 4)
#3 [internal function]: Engine_Api::handleError(2, 'Unknown: Failed...', 'Unknown', 0, Array)
#4 {main}
  thrown in /website/application/libraries/Zend/Log/Writer/Stream.php on line 135
[28-Nov-2015 18:57:59 UTC] PHP Fatal error:  Uncaught exception 'Zend_Log_Exception' with message 'Unable to write to stream' in /website/application/libraries/Zend/Log/Writer/Stream.php:135
Stack trace:
#0 /website/application/libraries/Zend/Log/Writer/Abstract.php(85): Zend_Log_Writer_Stream->_write(Array)
#1 /website/application/libraries/Zend/Log.php(438): Zend_Log_Writer_Abstract->write(Array)
#2 /website/application/libraries/Engine/Api.php(689): Zend_Log->log('[2] Unknown: Fa...', 4)
#3 [internal function]: Engine_Api::handleError(2, 'Unknown: Failed...', 'Unknown', 0, Array)
#4 {main}
  thrown in /website/application/libraries/Zend/Log/Writer/Stream.php on line 135
[28-Nov-2015 18:58:30 UTC] PHP Fatal error:  Uncaught exception 'Zend_Log_Exception' with message 'Unable to write to stream' in /website/application/libraries/Zend/Log/Writer/Stream.php:135
Stack trace:
#0 /website/application/libraries/Zend/Log/Writer/Abstract.php(85): Zend_Log_Writer_Stream->_write(Array)
#1 /website/application/libraries/Zend/Log.php(438): Zend_Log_Writer_Abstract->write(Array)
#2 /website/application/libraries/Engine/Api.php(689): Zend_Log->log('[2] Unknown: Fa...', 4)
#3 [internal function]: Engine_Api::handleError(2, 'Unknown: Failed...', 'Unknown', 0, Array)
#4 {main}
  thrown in /website/application/libraries/Zend/Log/Writer/Stream.php on line 135
[28-Nov-2015 18:58:50 UTC] PHP Fatal error:  Uncaught exception 'Zend_Log_Exception' with message 'Unable to write to stream' in /website/application/libraries/Zend/Log/Writer/Stream.php:135
Stack trace:
#0 /website/application/libraries/Zend/Log/Writer/Abstract.php(85): Zend_Log_Writer_Stream->_write(Array)
#1 /website/application/libraries/Zend/Log.php(438): Zend_Log_Writer_Abstract->write(Array)
#2 /website/application/libraries/Engine/Api.php(689): Zend_Log->log('[2] Unknown: Fa...', 4)
#3 [internal function]: Engine_Api::handleError(2, 'Unknown: Failed...', 'Unknown', 0, Array)
#4 {main}
  thrown in /website/application/libraries/Zend/Log/Writer/Stream.php on line 135
[28-Nov-2015 19:01:49 UTC] PHP Fatal error:  Uncaught exception 'Zend_Log_Exception' with message 'Unable to write to stream' in /website/application/libraries/Zend/Log/Writer/Stream.php:135
Stack trace:
#0 /website/application/libraries/Zend/Log/Writer/Abstract.php(85): Zend_Log_Writer_Stream->_write(Array)
#1 /website/application/libraries/Zend/Log.php(438): Zend_Log_Writer_Abstract->write(Array)
#2 /website/application/libraries/Engine/Api.php(689): Zend_Log->log('[2] Unknown: Fa...', 4)
#3 [internal function]: Engine_Api::handleError(2, 'Unknown: Failed...', 'Unknown', 0, Array)
#4 {main}
  thrown in /website/application/libraries/Zend/Log/Writer/Stream.php on line 135
[28-Nov-2015 19:01:55 UTC] PHP Fatal error:  Uncaught exception 'Zend_Log_Exception' with message 'Unable to write to stream' in /website/application/libraries/Zend/Log/Writer/Stream.php:135
Stack trace:
#0 /website/application/libraries/Zend/Log/Writer/Abstract.php(85): Zend_Log_Writer_Stream->_write(Array)
#1 /website/application/libraries/Zend/Log.php(438): Zend_Log_Writer_Abstract->write(Array)
#2 /website/application/libraries/Engine/Api.php(689): Zend_Log->log('[2] Unknown: Fa...', 4)
#3 [internal function]: Engine_Api::handleError(2, 'Unknown: Failed...', 'Unknown', 0, Array)
#4 {main}
  thrown in /website/application/libraries/Zend/Log/Writer/Stream.php on line 135
[28-Nov-2015 19:02:07 UTC] PHP Fatal error:  Uncaught exception 'Zend_Log_Exception' with message 'Unable to write to stream' in /website/application/libraries/Zend/Log/Writer/Stream.php:135
Stack trace:
#0 /website/application/libraries/Zend/Log/Writer/Abstract.php(85): Zend_Log_Writer_Stream->_write(Array)
#1 /website/application/libraries/Zend/Log.php(438): Zend_Log_Writer_Abstract->write(Array)
#2 /website/application/libraries/Engine/Api.php(689): Zend_Log->log('[2] Unknown: Fa...', 4)
#3 [internal function]: Engine_Api::handleError(2, 'Unknown: Failed...', 'Unknown', 0, Array)
#4 {main}
  thrown in /website/application/libraries/Zend/Log/Writer/Stream.php on line 135
[28-Nov-2015 19:02:09 UTC] PHP Fatal error:  Uncaught exception 'Zend_Log_Exception' with message 'Unable to write to stream' in /website/application/libraries/Zend/Log/Writer/Stream.php:135
Stack trace:
#0 /website/application/libraries/Zend/Log/Writer/Abstract.php(85): Zend_Log_Writer_Stream->_write(Array)
#1 /website/application/libraries/Zend/Log.php(438): Zend_Log_Writer_Abstract->write(Array)
#2 /website/application/libraries/Engine/Api.php(689): Zend_Log->log('[2] Unknown: Fa...', 4)
#3 [internal function]: Engine_Api::handleError(2, 'Unknown: Failed...', 'Unknown', 0, Array)
#4 {main}
  thrown in /website/application/libraries/Zend/Log/Writer/Stream.php on line 135
[28-Nov-2015 19:02:11 UTC] PHP Fatal error:  Uncaught exception 'Zend_Log_Exception' with message 'Unable to write to stream' in /website/application/libraries/Zend/Log/Writer/Stream.php:135
Stack trace:
#0 /website/application/libraries/Zend/Log/Writer/Abstract.php(85): Zend_Log_Writer_Stream->_write(Array)
#1 /website/application/libraries/Zend/Log.php(438): Zend_Log_Writer_Abstract->write(Array)
#2 /website/application/libraries/Engine/Api.php(689): Zend_Log->log('[2] Unknown: Fa...', 4)
#3 [internal function]: Engine_Api::handleError(2, 'Unknown: Failed...', 'Unknown', 0, Array)
#4 {main}
  thrown in /website/application/libraries/Zend/Log/Writer/Stream.php on line 135
[28-Nov-2015 19:02:21 UTC] PHP Fatal error:  Uncaught exception 'Zend_Log_Exception' with message 'Unable to write to stream' in /website/application/libraries/Zend/Log/Writer/Stream.php:135
Stack trace:
#0 /website/application/libraries/Zend/Log/Writer/Abstract.php(85): Zend_Log_Writer_Stream->_write(Array)
#1 /website/application/libraries/Zend/Log.php(438): Zend_Log_Writer_Abstract->write(Array)
#2 /website/application/libraries/Engine/Api.php(689): Zend_Log->log('[2] Unknown: Fa...', 4)
#3 [internal function]: Engine_Api::handleError(2, 'Unknown: Failed...', 'Unknown', 0, Array)
#4 {main}
  thrown in /website/application/libraries/Zend/Log/Writer/Stream.php on line 135
[28-Nov-2015 19:02:22 UTC] PHP Fatal error:  Uncaught exception 'Zend_Log_Exception' with message 'Unable to write to stream' in /website/application/libraries/Zend/Log/Writer/Stream.php:135
Stack trace:
#0 /website/application/libraries/Zend/Log/Writer/Abstract.php(85): Zend_Log_Writer_Stream->_write(Array)
#1 /website/application/libraries/Zend/Log.php(438): Zend_Log_Writer_Abstract->write(Array)
#2 /website/application/libraries/Engine/Api.php(689): Zend_Log->log('[2] Unknown: Fa...', 4)
#3 [internal function]: Engine_Api::handleError(2, 'Unknown: Failed...', 'Unknown', 0, Array)
#4 {main}
  thrown in /website/application/libraries/Zend/Log/Writer/Stream.php on line 135
[28-Nov-2015 19:02:47 UTC] PHP Fatal error:  Uncaught exception 'Zend_Log_Exception' with message 'Unable to write to stream' in /website/application/libraries/Zend/Log/Writer/Stream.php:135
Stack trace:
#0 /website/application/libraries/Zend/Log/Writer/Abstract.php(85): Zend_Log_Writer_Stream->_write(Array)
#1 /website/application/libraries/Zend/Log.php(438): Zend_Log_Writer_Abstract->write(Array)
#2 /website/application/libraries/Engine/Api.php(689): Zend_Log->log('[2] Unknown: Fa...', 4)
#3 [internal function]: Engine_Api::handleError(2, 'Unknown: Failed...', 'Unknown', 0, Array)
#4 {main}
  thrown in /website/application/libraries/Zend/Log/Writer/Stream.php on line 135
[28-Nov-2015 19:03:05 UTC] PHP Fatal error:  Uncaught exception 'Zend_Log_Exception' with message 'Unable to write to stream' in /website/application/libraries/Zend/Log/Writer/Stream.php:135
Stack trace:
#0 /website/application/libraries/Zend/Log/Writer/Abstract.php(85): Zend_Log_Writer_Stream->_write(Array)
#1 /website/application/libraries/Zend/Log.php(438): Zend_Log_Writer_Abstract->write(Array)
#2 /website/application/libraries/Engine/Api.php(689): Zend_Log->log('[2] Unknown: Fa...', 4)
#3 [internal function]: Engine_Api::handleError(2, 'Unknown: Failed...', 'Unknown', 0, Array)
#4 {main}
  thrown in /website/application/libraries/Zend/Log/Writer/Stream.php on line 135
[28-Nov-2015 19:05:51 UTC] PHP Fatal error:  Uncaught exception 'Zend_Log_Exception' with message 'Unable to write to stream' in /website/application/libraries/Zend/Log/Writer/Stream.php:135
Stack trace:
#0 /website/application/libraries/Zend/Log/Writer/Abstract.php(85): Zend_Log_Writer_Stream->_write(Array)
#1 /website/application/libraries/Zend/Log.php(438): Zend_Log_Writer_Abstract->write(Array)
#2 /website/application/libraries/Engine/Api.php(689): Zend_Log->log('[2] Unknown: Fa...', 4)
#3 [internal function]: Engine_Api::handleError(2, 'Unknown: Failed...', 'Unknown', 0, Array)
#4 {main}
  thrown in /website/application/libraries/Zend/Log/Writer/Stream.php on line 135
[28-Nov-2015 19:05:56 UTC] PHP Fatal error:  Uncaught exception 'Zend_Log_Exception' with message 'Unable to write to stream' in /website/application/libraries/Zend/Log/Writer/Stream.php:135
Stack trace:
#0 /website/application/libraries/Zend/Log/Writer/Abstract.php(85): Zend_Log_Writer_Stream->_write(Array)
#1 /website/application/libraries/Zend/Log.php(438): Zend_Log_Writer_Abstract->write(Array)
#2 /website/application/libraries/Engine/Api.php(689): Zend_Log->log('[2] Unknown: Fa...', 4)
#3 [internal function]: Engine_Api::handleError(2, 'Unknown: Failed...', 'Unknown', 0, Array)
#4 {main}
  thrown in /website/application/libraries/Zend/Log/Writer/Stream.php on line 135
[28-Nov-2015 19:06:13 UTC] PHP Fatal error:  Uncaught exception 'Zend_Log_Exception' with message 'Unable to write to stream' in /website/application/libraries/Zend/Log/Writer/Stream.php:135
Stack trace:
#0 /website/application/libraries/Zend/Log/Writer/Abstract.php(85): Zend_Log_Writer_Stream->_write(Array)
#1 /website/application/libraries/Zend/Log.php(438): Zend_Log_Writer_Abstract->write(Array)
#2 /website/application/libraries/Engine/Api.php(689): Zend_Log->log('[2] Unknown: Fa...', 4)
#3 [internal function]: Engine_Api::handleError(2, 'Unknown: Failed...', 'Unknown', 0, Array)
#4 {main}
  thrown in /website/application/libraries/Zend/Log/Writer/Stream.php on line 135
[28-Nov-2015 20:34:19 UTC] PHP Fatal error:  Uncaught exception 'Zend_Log_Exception' with message 'Unable to write to stream' in /website/application/libraries/Zend/Log/Writer/Stream.php:135
Stack trace:
#0 /website/application/libraries/Zend/Log/Writer/Abstract.php(85): Zend_Log_Writer_Stream->_write(Array)
#1 /website/application/libraries/Zend/Log.php(438): Zend_Log_Writer_Abstract->write(Array)
#2 /website/application/libraries/Engine/Api.php(689): Zend_Log->log('[2] Unknown: Fa...', 4)
#3 [internal function]: Engine_Api::handleError(2, 'Unknown: Failed...', 'Unknown', 0, Array)
#4 {main}
  thrown in /website/application/libraries/Zend/Log/Writer/Stream.php on line 135
[28-Nov-2015 21:02:07 UTC] PHP Fatal error:  Uncaught exception 'Zend_Log_Exception' with message 'Unable to write to stream' in /website/application/libraries/Zend/Log/Writer/Stream.php:135
Stack trace:
#0 /website/application/libraries/Zend/Log/Writer/Abstract.php(85): Zend_Log_Writer_Stream->_write(Array)
#1 /website/application/libraries/Zend/Log.php(438): Zend_Log_Writer_Abstract->write(Array)
#2 /website/application/libraries/Engine/Api.php(689): Zend_Log->log('[2] Unknown: Fa...', 4)
#3 [internal function]: Engine_Api::handleError(2, 'Unknown: Failed...', 'Unknown', 0, Array)
#4 {main}
  thrown in /website/application/libraries/Zend/Log/Writer/Stream.php on line 135
[29-Nov-2015 18:07:14 UTC] PHP Fatal error:  Uncaught exception 'Zend_Log_Exception' with message 'Unable to write to stream' in /website/application/libraries/Zend/Log/Writer/Stream.php:135
Stack trace:
#0 /website/application/libraries/Zend/Log/Writer/Abstract.php(85): Zend_Log_Writer_Stream->_write(Array)
#1 /website/application/libraries/Zend/Log.php(438): Zend_Log_Writer_Abstract->write(Array)
#2 /website/application/libraries/Engine/Api.php(689): Zend_Log->log('[2] Unknown: Fa...', 4)
#3 [internal function]: Engine_Api::handleError(2, 'Unknown: Failed...', 'Unknown', 0, Array)
#4 {main}
  thrown in /website/application/libraries/Zend/Log/Writer/Stream.php on line 135
[29-Nov-2015 18:08:00 UTC] PHP Fatal error:  Uncaught exception 'Zend_Log_Exception' with message 'Unable to write to stream' in /website/application/libraries/Zend/Log/Writer/Stream.php:135
Stack trace:
#0 /website/application/libraries/Zend/Log/Writer/Abstract.php(85): Zend_Log_Writer_Stream->_write(Array)
#1 /website/application/libraries/Zend/Log.php(438): Zend_Log_Writer_Abstract->write(Array)
#2 /website/application/libraries/Engine/Api.php(689): Zend_Log->log('[2] Unknown: Fa...', 4)
#3 [internal function]: Engine_Api::handleError(2, 'Unknown: Failed...', 'Unknown', 0, Array)
#4 {main}
  thrown in /website/application/libraries/Zend/Log/Writer/Stream.php on line 135
[29-Nov-2015 18:08:19 UTC] PHP Fatal error:  Uncaught exception 'Zend_Log_Exception' with message 'Unable to write to stream' in /website/application/libraries/Zend/Log/Writer/Stream.php:135
Stack trace:
#0 /website/application/libraries/Zend/Log/Writer/Abstract.php(85): Zend_Log_Writer_Stream->_write(Array)
#1 /website/application/libraries/Zend/Log.php(438): Zend_Log_Writer_Abstract->write(Array)
#2 /website/application/libraries/Engine/Api.php(689): Zend_Log->log('[2] Unknown: Fa...', 4)
#3 [internal function]: Engine_Api::handleError(2, 'Unknown: Failed...', 'Unknown', 0, Array)
#4 {main}
  thrown in /website/application/libraries/Zend/Log/Writer/Stream.php on line 135
[29-Nov-2015 18:08:36 UTC] PHP Fatal error:  Uncaught exception 'Zend_Log_Exception' with message 'Unable to write to stream' in /website/application/libraries/Zend/Log/Writer/Stream.php:135
Stack trace:
#0 /website/application/libraries/Zend/Log/Writer/Abstract.php(85): Zend_Log_Writer_Stream->_write(Array)
#1 /website/application/libraries/Zend/Log.php(438): Zend_Log_Writer_Abstract->write(Array)
#2 /website/application/libraries/Engine/Api.php(689): Zend_Log->log('[2] Unknown: Fa...', 4)
#3 [internal function]: Engine_Api::handleError(2, 'Unknown: Failed...', 'Unknown', 0, Array)
#4 {main}
  thrown in /website/application/libraries/Zend/Log/Writer/Stream.php on line 135
[29-Nov-2015 18:22:22 UTC] PHP Fatal error:  Uncaught exception 'Zend_Log_Exception' with message 'Unable to write to stream' in /website/application/libraries/Zend/Log/Writer/Stream.php:135
Stack trace:
#0 /website/application/libraries/Zend/Log/Writer/Abstract.php(85): Zend_Log_Writer_Stream->_write(Array)
#1 /website/application/libraries/Zend/Log.php(438): Zend_Log_Writer_Abstract->write(Array)
#2 /website/application/libraries/Engine/Api.php(689): Zend_Log->log('[2] Unknown: Fa...', 4)
#3 [internal function]: Engine_Api::handleError(2, 'Unknown: Failed...', 'Unknown', 0, Array)
#4 {main}
  thrown in /website/application/libraries/Zend/Log/Writer/Stream.php on line 135
[30-Nov-2015 06:19:55 UTC] PHP Fatal error:  Uncaught exception 'Zend_Log_Exception' with message 'Unable to write to stream' in /website/application/libraries/Zend/Log/Writer/Stream.php:135
Stack trace:
#0 /website/application/libraries/Zend/Log/Writer/Abstract.php(85): Zend_Log_Writer_Stream->_write(Array)
#1 /website/application/libraries/Zend/Log.php(438): Zend_Log_Writer_Abstract->write(Array)
#2 /website/application/libraries/Engine/Api.php(689): Zend_Log->log('[2] Unknown: Fa...', 4)
#3 [internal function]: Engine_Api::handleError(2, 'Unknown: Failed...', 'Unknown', 0, Array)
#4 {main}
  thrown in /website/application/libraries/Zend/Log/Writer/Stream.php on line 135
