2015-11-28T17:46:32+00:00 WARN (4): [2] session_write_close(): Failed to write session data (files). Please verify that the current setting of session.save_path is correct (/website/temporary/session/) (/website/application/libraries/Zend/Session.php) [727]
Error Code: 57fc6f
Stack trace:
#0 /website/application/libraries/Zend/Controller/Action/Helper/Redirector.php(483): Zend_Session::writeClose()
#1 /website/application/libraries/Zend/Controller/Action/Helper/Redirector.php(423): Zend_Controller_Action_Helper_Redirector->redirectAndExit()
#2 /website/install/controllers/IndexController.php(25): Zend_Controller_Action_Helper_Redirector->gotoRoute()
#3 /website/application/libraries/Zend/Controller/Action.php(516): IndexController->indexAction()
#4 /website/application/libraries/Zend/Controller/Dispatcher/Standard.php(308): Zend_Controller_Action->dispatch()
#5 /website/application/libraries/Zend/Controller/Front.php(954): Zend_Controller_Dispatcher_Standard->dispatch()
#6 /website/application/libraries/Zend/Application/Bootstrap/Bootstrap.php(97): Zend_Controller_Front->dispatch()
#7 /website/application/libraries/Zend/Application.php(366): Zend_Application_Bootstrap_Bootstrap->run()
#8 /website/install/index.php(87): Zend_Application->run()
#9 {main}

2015-11-28T17:46:33+00:00 WARN (4): [2] session_write_close(): Failed to write session data (files). Please verify that the current setting of session.save_path is correct (/website/temporary/session/) (/website/application/libraries/Zend/Session.php) [727]
Error Code: ed3c59
Stack trace:
#0 /website/application/libraries/Zend/Controller/Action/Helper/Redirector.php(483): Zend_Session::writeClose()
#1 /website/application/libraries/Zend/Controller/Action/Helper/Redirector.php(423): Zend_Controller_Action_Helper_Redirector->redirectAndExit()
#2 /website/install/controllers/IndexController.php(25): Zend_Controller_Action_Helper_Redirector->gotoRoute()
#3 /website/application/libraries/Zend/Controller/Action.php(516): IndexController->indexAction()
#4 /website/application/libraries/Zend/Controller/Dispatcher/Standard.php(308): Zend_Controller_Action->dispatch()
#5 /website/application/libraries/Zend/Controller/Front.php(954): Zend_Controller_Dispatcher_Standard->dispatch()
#6 /website/application/libraries/Zend/Application/Bootstrap/Bootstrap.php(97): Zend_Controller_Front->dispatch()
#7 /website/application/libraries/Zend/Application.php(366): Zend_Application_Bootstrap_Bootstrap->run()
#8 /website/install/index.php(87): Zend_Application->run()
#9 {main}

2015-11-28T17:51:52+00:00 WARN (4): [2] session_write_close(): Failed to write session data (files). Please verify that the current setting of session.save_path is correct (/website/temporary/session/) (/website/application/libraries/Zend/Session.php) [727]
Error Code: 5dd91b
Stack trace:
#0 /website/application/libraries/Zend/Controller/Action/Helper/Redirector.php(483): Zend_Session::writeClose()
#1 /website/application/libraries/Zend/Controller/Action/Helper/Redirector.php(423): Zend_Controller_Action_Helper_Redirector->redirectAndExit()
#2 /website/install/controllers/IndexController.php(25): Zend_Controller_Action_Helper_Redirector->gotoRoute()
#3 /website/application/libraries/Zend/Controller/Action.php(516): IndexController->indexAction()
#4 /website/application/libraries/Zend/Controller/Dispatcher/Standard.php(308): Zend_Controller_Action->dispatch()
#5 /website/application/libraries/Zend/Controller/Front.php(954): Zend_Controller_Dispatcher_Standard->dispatch()
#6 /website/application/libraries/Zend/Application/Bootstrap/Bootstrap.php(97): Zend_Controller_Front->dispatch()
#7 /website/application/libraries/Zend/Application.php(366): Zend_Application_Bootstrap_Bootstrap->run()
#8 /website/install/index.php(87): Zend_Application->run()
#9 {main}

2015-11-28T17:53:48+00:00 WARN (4): [2] session_write_close(): Failed to write session data (files). Please verify that the current setting of session.save_path is correct (/website/temporary/session/) (/website/application/libraries/Zend/Session.php) [727]
Error Code: 1e39ab
Stack trace:
#0 /website/application/libraries/Zend/Controller/Action/Helper/Redirector.php(483): Zend_Session::writeClose()
#1 /website/application/libraries/Zend/Controller/Action/Helper/Redirector.php(423): Zend_Controller_Action_Helper_Redirector->redirectAndExit()
#2 /website/install/controllers/InstallController.php(87): Zend_Controller_Action_Helper_Redirector->gotoRoute()
#3 /website/application/libraries/Zend/Controller/Action.php(516): InstallController->licenseAction()
#4 /website/application/libraries/Zend/Controller/Dispatcher/Standard.php(308): Zend_Controller_Action->dispatch()
#5 /website/application/libraries/Zend/Controller/Front.php(954): Zend_Controller_Dispatcher_Standard->dispatch()
#6 /website/application/libraries/Zend/Application/Bootstrap/Bootstrap.php(97): Zend_Controller_Front->dispatch()
#7 /website/application/libraries/Zend/Application.php(366): Zend_Application_Bootstrap_Bootstrap->run()
#8 /website/install/index.php(87): Zend_Application->run()
#9 {main}

2015-11-28T17:53:49+00:00 WARN (4): [2] session_write_close(): Failed to write session data (files). Please verify that the current setting of session.save_path is correct (/website/temporary/session/) (/website/application/libraries/Zend/Session.php) [727]
Error Code: 1b02fb
Stack trace:
#0 /website/application/libraries/Zend/Controller/Action/Helper/Redirector.php(483): Zend_Session::writeClose()
#1 /website/application/libraries/Zend/Controller/Action/Helper/Redirector.php(423): Zend_Controller_Action_Helper_Redirector->redirectAndExit()
#2 /website/install/controllers/InstallController.php(37): Zend_Controller_Action_Helper_Redirector->gotoRoute()
#3 /website/application/libraries/Zend/Controller/Action.php(133): InstallController->init()
#4 /website/application/libraries/Zend/Controller/Dispatcher/Standard.php(281): Zend_Controller_Action->__construct()
#5 /website/application/libraries/Zend/Controller/Front.php(954): Zend_Controller_Dispatcher_Standard->dispatch()
#6 /website/application/libraries/Zend/Application/Bootstrap/Bootstrap.php(97): Zend_Controller_Front->dispatch()
#7 /website/application/libraries/Zend/Application.php(366): Zend_Application_Bootstrap_Bootstrap->run()
#8 /website/install/index.php(87): Zend_Application->run()
#9 {main}

2015-11-28T17:53:55+00:00 WARN (4): [2] session_write_close(): Failed to write session data (files). Please verify that the current setting of session.save_path is correct (/website/temporary/session/) (/website/application/libraries/Zend/Session.php) [727]
Error Code: 62f0bb
Stack trace:
#0 /website/application/libraries/Zend/Controller/Action/Helper/Redirector.php(483): Zend_Session::writeClose()
#1 /website/application/libraries/Zend/Controller/Action/Helper/Redirector.php(423): Zend_Controller_Action_Helper_Redirector->redirectAndExit()
#2 /website/install/controllers/InstallController.php(87): Zend_Controller_Action_Helper_Redirector->gotoRoute()
#3 /website/application/libraries/Zend/Controller/Action.php(516): InstallController->licenseAction()
#4 /website/application/libraries/Zend/Controller/Dispatcher/Standard.php(308): Zend_Controller_Action->dispatch()
#5 /website/application/libraries/Zend/Controller/Front.php(954): Zend_Controller_Dispatcher_Standard->dispatch()
#6 /website/application/libraries/Zend/Application/Bootstrap/Bootstrap.php(97): Zend_Controller_Front->dispatch()
#7 /website/application/libraries/Zend/Application.php(366): Zend_Application_Bootstrap_Bootstrap->run()
#8 /website/install/index.php(87): Zend_Application->run()
#9 {main}

2015-11-28T17:53:55+00:00 WARN (4): [2] session_write_close(): Failed to write session data (files). Please verify that the current setting of session.save_path is correct (/website/temporary/session/) (/website/application/libraries/Zend/Session.php) [727]
Error Code: b00344
Stack trace:
#0 /website/application/libraries/Zend/Controller/Action/Helper/Redirector.php(483): Zend_Session::writeClose()
#1 /website/application/libraries/Zend/Controller/Action/Helper/Redirector.php(423): Zend_Controller_Action_Helper_Redirector->redirectAndExit()
#2 /website/install/controllers/InstallController.php(37): Zend_Controller_Action_Helper_Redirector->gotoRoute()
#3 /website/application/libraries/Zend/Controller/Action.php(133): InstallController->init()
#4 /website/application/libraries/Zend/Controller/Dispatcher/Standard.php(281): Zend_Controller_Action->__construct()
#5 /website/application/libraries/Zend/Controller/Front.php(954): Zend_Controller_Dispatcher_Standard->dispatch()
#6 /website/application/libraries/Zend/Application/Bootstrap/Bootstrap.php(97): Zend_Controller_Front->dispatch()
#7 /website/application/libraries/Zend/Application.php(366): Zend_Application_Bootstrap_Bootstrap->run()
#8 /website/install/index.php(87): Zend_Application->run()
#9 {main}

2015-11-28T17:54:09+00:00 WARN (4): [2] session_write_close(): Failed to write session data (files). Please verify that the current setting of session.save_path is correct (/website/temporary/session/) (/website/application/libraries/Zend/Session.php) [727]
Error Code: c2b547
Stack trace:
#0 /website/application/libraries/Zend/Controller/Action/Helper/Redirector.php(483): Zend_Session::writeClose()
#1 /website/application/libraries/Zend/Controller/Action/Helper/Redirector.php(423): Zend_Controller_Action_Helper_Redirector->redirectAndExit()
#2 /website/install/controllers/InstallController.php(87): Zend_Controller_Action_Helper_Redirector->gotoRoute()
#3 /website/application/libraries/Zend/Controller/Action.php(516): InstallController->licenseAction()
#4 /website/application/libraries/Zend/Controller/Dispatcher/Standard.php(308): Zend_Controller_Action->dispatch()
#5 /website/application/libraries/Zend/Controller/Front.php(954): Zend_Controller_Dispatcher_Standard->dispatch()
#6 /website/application/libraries/Zend/Application/Bootstrap/Bootstrap.php(97): Zend_Controller_Front->dispatch()
#7 /website/application/libraries/Zend/Application.php(366): Zend_Application_Bootstrap_Bootstrap->run()
#8 /website/install/index.php(87): Zend_Application->run()
#9 {main}

2015-11-28T17:54:10+00:00 WARN (4): [2] session_write_close(): Failed to write session data (files). Please verify that the current setting of session.save_path is correct (/website/temporary/session/) (/website/application/libraries/Zend/Session.php) [727]
Error Code: fea375
Stack trace:
#0 /website/application/libraries/Zend/Controller/Action/Helper/Redirector.php(483): Zend_Session::writeClose()
#1 /website/application/libraries/Zend/Controller/Action/Helper/Redirector.php(423): Zend_Controller_Action_Helper_Redirector->redirectAndExit()
#2 /website/install/controllers/InstallController.php(37): Zend_Controller_Action_Helper_Redirector->gotoRoute()
#3 /website/application/libraries/Zend/Controller/Action.php(133): InstallController->init()
#4 /website/application/libraries/Zend/Controller/Dispatcher/Standard.php(281): Zend_Controller_Action->__construct()
#5 /website/application/libraries/Zend/Controller/Front.php(954): Zend_Controller_Dispatcher_Standard->dispatch()
#6 /website/application/libraries/Zend/Application/Bootstrap/Bootstrap.php(97): Zend_Controller_Front->dispatch()
#7 /website/application/libraries/Zend/Application.php(366): Zend_Application_Bootstrap_Bootstrap->run()
#8 /website/install/index.php(87): Zend_Application->run()
#9 {main}

2015-11-28T17:55:52+00:00 WARN (4): [2] session_write_close(): Failed to write session data (files). Please verify that the current setting of session.save_path is correct (/website/temporary/session/) (/website/application/libraries/Zend/Session.php) [727]
Error Code: 614432
Stack trace:
#0 /website/application/libraries/Zend/Controller/Action/Helper/Redirector.php(483): Zend_Session::writeClose()
#1 /website/application/libraries/Zend/Controller/Action/Helper/Redirector.php(423): Zend_Controller_Action_Helper_Redirector->redirectAndExit()
#2 /website/install/controllers/InstallController.php(87): Zend_Controller_Action_Helper_Redirector->gotoRoute()
#3 /website/application/libraries/Zend/Controller/Action.php(516): InstallController->licenseAction()
#4 /website/application/libraries/Zend/Controller/Dispatcher/Standard.php(308): Zend_Controller_Action->dispatch()
#5 /website/application/libraries/Zend/Controller/Front.php(954): Zend_Controller_Dispatcher_Standard->dispatch()
#6 /website/application/libraries/Zend/Application/Bootstrap/Bootstrap.php(97): Zend_Controller_Front->dispatch()
#7 /website/application/libraries/Zend/Application.php(366): Zend_Application_Bootstrap_Bootstrap->run()
#8 /website/install/index.php(87): Zend_Application->run()
#9 {main}

2015-11-28T17:55:53+00:00 WARN (4): [2] session_write_close(): Failed to write session data (files). Please verify that the current setting of session.save_path is correct (/website/temporary/session/) (/website/application/libraries/Zend/Session.php) [727]
Error Code: 0af24a
Stack trace:
#0 /website/application/libraries/Zend/Controller/Action/Helper/Redirector.php(483): Zend_Session::writeClose()
#1 /website/application/libraries/Zend/Controller/Action/Helper/Redirector.php(423): Zend_Controller_Action_Helper_Redirector->redirectAndExit()
#2 /website/install/controllers/InstallController.php(37): Zend_Controller_Action_Helper_Redirector->gotoRoute()
#3 /website/application/libraries/Zend/Controller/Action.php(133): InstallController->init()
#4 /website/application/libraries/Zend/Controller/Dispatcher/Standard.php(281): Zend_Controller_Action->__construct()
#5 /website/application/libraries/Zend/Controller/Front.php(954): Zend_Controller_Dispatcher_Standard->dispatch()
#6 /website/application/libraries/Zend/Application/Bootstrap/Bootstrap.php(97): Zend_Controller_Front->dispatch()
#7 /website/application/libraries/Zend/Application.php(366): Zend_Application_Bootstrap_Bootstrap->run()
#8 /website/install/index.php(87): Zend_Application->run()
#9 {main}

2015-11-28T17:56:07+00:00 WARN (4): [2] session_write_close(): Failed to write session data (files). Please verify that the current setting of session.save_path is correct (/website/temporary/session/) (/website/application/libraries/Zend/Session.php) [727]
Error Code: 599486
Stack trace:
#0 /website/application/libraries/Zend/Controller/Action/Helper/Redirector.php(483): Zend_Session::writeClose()
#1 /website/application/libraries/Zend/Controller/Action/Helper/Redirector.php(423): Zend_Controller_Action_Helper_Redirector->redirectAndExit()
#2 /website/install/controllers/IndexController.php(25): Zend_Controller_Action_Helper_Redirector->gotoRoute()
#3 /website/application/libraries/Zend/Controller/Action.php(516): IndexController->indexAction()
#4 /website/application/libraries/Zend/Controller/Dispatcher/Standard.php(308): Zend_Controller_Action->dispatch()
#5 /website/application/libraries/Zend/Controller/Front.php(954): Zend_Controller_Dispatcher_Standard->dispatch()
#6 /website/application/libraries/Zend/Application/Bootstrap/Bootstrap.php(97): Zend_Controller_Front->dispatch()
#7 /website/application/libraries/Zend/Application.php(366): Zend_Application_Bootstrap_Bootstrap->run()
#8 /website/install/index.php(87): Zend_Application->run()
#9 {main}

2015-11-28T17:56:20+00:00 WARN (4): [2] session_write_close(): Failed to write session data (files). Please verify that the current setting of session.save_path is correct (/website/temporary/session/) (/website/application/libraries/Zend/Session.php) [727]
Error Code: 2626f6
Stack trace:
#0 /website/application/libraries/Zend/Controller/Action/Helper/Redirector.php(483): Zend_Session::writeClose()
#1 /website/application/libraries/Zend/Controller/Action/Helper/Redirector.php(423): Zend_Controller_Action_Helper_Redirector->redirectAndExit()
#2 /website/install/controllers/InstallController.php(87): Zend_Controller_Action_Helper_Redirector->gotoRoute()
#3 /website/application/libraries/Zend/Controller/Action.php(516): InstallController->licenseAction()
#4 /website/application/libraries/Zend/Controller/Dispatcher/Standard.php(308): Zend_Controller_Action->dispatch()
#5 /website/application/libraries/Zend/Controller/Front.php(954): Zend_Controller_Dispatcher_Standard->dispatch()
#6 /website/application/libraries/Zend/Application/Bootstrap/Bootstrap.php(97): Zend_Controller_Front->dispatch()
#7 /website/application/libraries/Zend/Application.php(366): Zend_Application_Bootstrap_Bootstrap->run()
#8 /website/install/index.php(87): Zend_Application->run()
#9 {main}

2015-11-28T17:56:20+00:00 WARN (4): [2] session_write_close(): Failed to write session data (files). Please verify that the current setting of session.save_path is correct (/website/temporary/session/) (/website/application/libraries/Zend/Session.php) [727]
Error Code: 8e426e
Stack trace:
#0 /website/application/libraries/Zend/Controller/Action/Helper/Redirector.php(483): Zend_Session::writeClose()
#1 /website/application/libraries/Zend/Controller/Action/Helper/Redirector.php(423): Zend_Controller_Action_Helper_Redirector->redirectAndExit()
#2 /website/install/controllers/InstallController.php(37): Zend_Controller_Action_Helper_Redirector->gotoRoute()
#3 /website/application/libraries/Zend/Controller/Action.php(133): InstallController->init()
#4 /website/application/libraries/Zend/Controller/Dispatcher/Standard.php(281): Zend_Controller_Action->__construct()
#5 /website/application/libraries/Zend/Controller/Front.php(954): Zend_Controller_Dispatcher_Standard->dispatch()
#6 /website/application/libraries/Zend/Application/Bootstrap/Bootstrap.php(97): Zend_Controller_Front->dispatch()
#7 /website/application/libraries/Zend/Application.php(366): Zend_Application_Bootstrap_Bootstrap->run()
#8 /website/install/index.php(87): Zend_Application->run()
#9 {main}

2015-11-28T18:26:48+00:00 WARN (4): [2] session_write_close(): Failed to write session data (files). Please verify that the current setting of session.save_path is correct (/website/temporary/session/) (/website/application/libraries/Zend/Session.php) [727]
Error Code: eac97e
Stack trace:
#0 /website/application/libraries/Zend/Controller/Action/Helper/Redirector.php(483): Zend_Session::writeClose()
#1 /website/application/libraries/Zend/Controller/Action/Helper/Redirector.php(423): Zend_Controller_Action_Helper_Redirector->redirectAndExit()
#2 /website/install/controllers/InstallController.php(87): Zend_Controller_Action_Helper_Redirector->gotoRoute()
#3 /website/application/libraries/Zend/Controller/Action.php(516): InstallController->licenseAction()
#4 /website/application/libraries/Zend/Controller/Dispatcher/Standard.php(308): Zend_Controller_Action->dispatch()
#5 /website/application/libraries/Zend/Controller/Front.php(954): Zend_Controller_Dispatcher_Standard->dispatch()
#6 /website/application/libraries/Zend/Application/Bootstrap/Bootstrap.php(97): Zend_Controller_Front->dispatch()
#7 /website/application/libraries/Zend/Application.php(366): Zend_Application_Bootstrap_Bootstrap->run()
#8 /website/install/index.php(87): Zend_Application->run()
#9 {main}

2015-11-28T18:26:48+00:00 WARN (4): [2] session_write_close(): Failed to write session data (files). Please verify that the current setting of session.save_path is correct (/website/temporary/session/) (/website/application/libraries/Zend/Session.php) [727]
Error Code: e6595f
Stack trace:
#0 /website/application/libraries/Zend/Controller/Action/Helper/Redirector.php(483): Zend_Session::writeClose()
#1 /website/application/libraries/Zend/Controller/Action/Helper/Redirector.php(423): Zend_Controller_Action_Helper_Redirector->redirectAndExit()
#2 /website/install/controllers/InstallController.php(37): Zend_Controller_Action_Helper_Redirector->gotoRoute()
#3 /website/application/libraries/Zend/Controller/Action.php(133): InstallController->init()
#4 /website/application/libraries/Zend/Controller/Dispatcher/Standard.php(281): Zend_Controller_Action->__construct()
#5 /website/application/libraries/Zend/Controller/Front.php(954): Zend_Controller_Dispatcher_Standard->dispatch()
#6 /website/application/libraries/Zend/Application/Bootstrap/Bootstrap.php(97): Zend_Controller_Front->dispatch()
#7 /website/application/libraries/Zend/Application.php(366): Zend_Application_Bootstrap_Bootstrap->run()
#8 /website/install/index.php(87): Zend_Application->run()
#9 {main}

2015-11-28T18:27:31+00:00 WARN (4): [2] session_write_close(): Failed to write session data (files). Please verify that the current setting of session.save_path is correct (/website/temporary/session/) (/website/application/libraries/Zend/Session.php) [727]
Error Code: 921af2
Stack trace:
#0 /website/application/libraries/Zend/Controller/Action/Helper/Redirector.php(483): Zend_Session::writeClose()
#1 /website/application/libraries/Zend/Controller/Action/Helper/Redirector.php(423): Zend_Controller_Action_Helper_Redirector->redirectAndExit()
#2 /website/install/controllers/InstallController.php(87): Zend_Controller_Action_Helper_Redirector->gotoRoute()
#3 /website/application/libraries/Zend/Controller/Action.php(516): InstallController->licenseAction()
#4 /website/application/libraries/Zend/Controller/Dispatcher/Standard.php(308): Zend_Controller_Action->dispatch()
#5 /website/application/libraries/Zend/Controller/Front.php(954): Zend_Controller_Dispatcher_Standard->dispatch()
#6 /website/application/libraries/Zend/Application/Bootstrap/Bootstrap.php(97): Zend_Controller_Front->dispatch()
#7 /website/application/libraries/Zend/Application.php(366): Zend_Application_Bootstrap_Bootstrap->run()
#8 /website/install/index.php(87): Zend_Application->run()
#9 {main}

2015-11-28T18:27:32+00:00 WARN (4): [2] session_write_close(): Failed to write session data (files). Please verify that the current setting of session.save_path is correct (/website/temporary/session/) (/website/application/libraries/Zend/Session.php) [727]
Error Code: 239ea6
Stack trace:
#0 /website/application/libraries/Zend/Controller/Action/Helper/Redirector.php(483): Zend_Session::writeClose()
#1 /website/application/libraries/Zend/Controller/Action/Helper/Redirector.php(423): Zend_Controller_Action_Helper_Redirector->redirectAndExit()
#2 /website/install/controllers/InstallController.php(37): Zend_Controller_Action_Helper_Redirector->gotoRoute()
#3 /website/application/libraries/Zend/Controller/Action.php(133): InstallController->init()
#4 /website/application/libraries/Zend/Controller/Dispatcher/Standard.php(281): Zend_Controller_Action->__construct()
#5 /website/application/libraries/Zend/Controller/Front.php(954): Zend_Controller_Dispatcher_Standard->dispatch()
#6 /website/application/libraries/Zend/Application/Bootstrap/Bootstrap.php(97): Zend_Controller_Front->dispatch()
#7 /website/application/libraries/Zend/Application.php(366): Zend_Application_Bootstrap_Bootstrap->run()
#8 /website/install/index.php(87): Zend_Application->run()
#9 {main}

2015-11-28T18:29:14+00:00 WARN (4): [2] session_write_close(): Failed to write session data (files). Please verify that the current setting of session.save_path is correct (/website/temporary/session/) (/website/application/libraries/Zend/Session.php) [727]
Error Code: ac65b2
Stack trace:
#0 /website/application/libraries/Zend/Controller/Action/Helper/Redirector.php(483): Zend_Session::writeClose()
#1 /website/application/libraries/Zend/Controller/Action/Helper/Redirector.php(423): Zend_Controller_Action_Helper_Redirector->redirectAndExit()
#2 /website/install/controllers/InstallController.php(87): Zend_Controller_Action_Helper_Redirector->gotoRoute()
#3 /website/application/libraries/Zend/Controller/Action.php(516): InstallController->licenseAction()
#4 /website/application/libraries/Zend/Controller/Dispatcher/Standard.php(308): Zend_Controller_Action->dispatch()
#5 /website/application/libraries/Zend/Controller/Front.php(954): Zend_Controller_Dispatcher_Standard->dispatch()
#6 /website/application/libraries/Zend/Application/Bootstrap/Bootstrap.php(97): Zend_Controller_Front->dispatch()
#7 /website/application/libraries/Zend/Application.php(366): Zend_Application_Bootstrap_Bootstrap->run()
#8 /website/install/index.php(87): Zend_Application->run()
#9 {main}

2015-11-28T18:29:15+00:00 WARN (4): [2] session_write_close(): Failed to write session data (files). Please verify that the current setting of session.save_path is correct (/website/temporary/session/) (/website/application/libraries/Zend/Session.php) [727]
Error Code: 92d664
Stack trace:
#0 /website/application/libraries/Zend/Controller/Action/Helper/Redirector.php(483): Zend_Session::writeClose()
#1 /website/application/libraries/Zend/Controller/Action/Helper/Redirector.php(423): Zend_Controller_Action_Helper_Redirector->redirectAndExit()
#2 /website/install/controllers/InstallController.php(37): Zend_Controller_Action_Helper_Redirector->gotoRoute()
#3 /website/application/libraries/Zend/Controller/Action.php(133): InstallController->init()
#4 /website/application/libraries/Zend/Controller/Dispatcher/Standard.php(281): Zend_Controller_Action->__construct()
#5 /website/application/libraries/Zend/Controller/Front.php(954): Zend_Controller_Dispatcher_Standard->dispatch()
#6 /website/application/libraries/Zend/Application/Bootstrap/Bootstrap.php(97): Zend_Controller_Front->dispatch()
#7 /website/application/libraries/Zend/Application.php(366): Zend_Application_Bootstrap_Bootstrap->run()
#8 /website/install/index.php(87): Zend_Application->run()
#9 {main}

2015-11-28T18:37:32+00:00 WARN (4): [2] session_write_close(): Failed to write session data (files). Please verify that the current setting of session.save_path is correct (/website/temporary/session/) (/website/application/libraries/Zend/Session.php) [727]
Error Code: fda7cf
Stack trace:
#0 /website/application/libraries/Zend/Controller/Action/Helper/Redirector.php(483): Zend_Session::writeClose()
#1 /website/application/libraries/Zend/Controller/Action/Helper/Redirector.php(423): Zend_Controller_Action_Helper_Redirector->redirectAndExit()
#2 /website/install/controllers/InstallController.php(87): Zend_Controller_Action_Helper_Redirector->gotoRoute()
#3 /website/application/libraries/Zend/Controller/Action.php(516): InstallController->licenseAction()
#4 /website/application/libraries/Zend/Controller/Dispatcher/Standard.php(308): Zend_Controller_Action->dispatch()
#5 /website/application/libraries/Zend/Controller/Front.php(954): Zend_Controller_Dispatcher_Standard->dispatch()
#6 /website/application/libraries/Zend/Application/Bootstrap/Bootstrap.php(97): Zend_Controller_Front->dispatch()
#7 /website/application/libraries/Zend/Application.php(366): Zend_Application_Bootstrap_Bootstrap->run()
#8 /website/install/index.php(87): Zend_Application->run()
#9 {main}

2015-11-28T18:37:33+00:00 WARN (4): [2] session_write_close(): Failed to write session data (files). Please verify that the current setting of session.save_path is correct (/website/temporary/session/) (/website/application/libraries/Zend/Session.php) [727]
Error Code: f147eb
Stack trace:
#0 /website/application/libraries/Zend/Controller/Action/Helper/Redirector.php(483): Zend_Session::writeClose()
#1 /website/application/libraries/Zend/Controller/Action/Helper/Redirector.php(423): Zend_Controller_Action_Helper_Redirector->redirectAndExit()
#2 /website/install/controllers/InstallController.php(37): Zend_Controller_Action_Helper_Redirector->gotoRoute()
#3 /website/application/libraries/Zend/Controller/Action.php(133): InstallController->init()
#4 /website/application/libraries/Zend/Controller/Dispatcher/Standard.php(281): Zend_Controller_Action->__construct()
#5 /website/application/libraries/Zend/Controller/Front.php(954): Zend_Controller_Dispatcher_Standard->dispatch()
#6 /website/application/libraries/Zend/Application/Bootstrap/Bootstrap.php(97): Zend_Controller_Front->dispatch()
#7 /website/application/libraries/Zend/Application.php(366): Zend_Application_Bootstrap_Bootstrap->run()
#8 /website/install/index.php(87): Zend_Application->run()
#9 {main}

2015-11-28T18:38:28+00:00 WARN (4): [2] session_write_close(): Failed to write session data (files). Please verify that the current setting of session.save_path is correct (/website/temporary/session/) (/website/application/libraries/Zend/Session.php) [727]
Error Code: b5db16
Stack trace:
#0 /website/application/libraries/Zend/Controller/Action/Helper/Redirector.php(483): Zend_Session::writeClose()
#1 /website/application/libraries/Zend/Controller/Action/Helper/Redirector.php(423): Zend_Controller_Action_Helper_Redirector->redirectAndExit()
#2 /website/install/controllers/InstallController.php(87): Zend_Controller_Action_Helper_Redirector->gotoRoute()
#3 /website/application/libraries/Zend/Controller/Action.php(516): InstallController->licenseAction()
#4 /website/application/libraries/Zend/Controller/Dispatcher/Standard.php(308): Zend_Controller_Action->dispatch()
#5 /website/application/libraries/Zend/Controller/Front.php(954): Zend_Controller_Dispatcher_Standard->dispatch()
#6 /website/application/libraries/Zend/Application/Bootstrap/Bootstrap.php(97): Zend_Controller_Front->dispatch()
#7 /website/application/libraries/Zend/Application.php(366): Zend_Application_Bootstrap_Bootstrap->run()
#8 /website/install/index.php(87): Zend_Application->run()
#9 {main}

2015-11-28T18:38:28+00:00 WARN (4): [2] session_write_close(): Failed to write session data (files). Please verify that the current setting of session.save_path is correct (/website/temporary/session/) (/website/application/libraries/Zend/Session.php) [727]
Error Code: dbc529
Stack trace:
#0 /website/application/libraries/Zend/Controller/Action/Helper/Redirector.php(483): Zend_Session::writeClose()
#1 /website/application/libraries/Zend/Controller/Action/Helper/Redirector.php(423): Zend_Controller_Action_Helper_Redirector->redirectAndExit()
#2 /website/install/controllers/InstallController.php(37): Zend_Controller_Action_Helper_Redirector->gotoRoute()
#3 /website/application/libraries/Zend/Controller/Action.php(133): InstallController->init()
#4 /website/application/libraries/Zend/Controller/Dispatcher/Standard.php(281): Zend_Controller_Action->__construct()
#5 /website/application/libraries/Zend/Controller/Front.php(954): Zend_Controller_Dispatcher_Standard->dispatch()
#6 /website/application/libraries/Zend/Application/Bootstrap/Bootstrap.php(97): Zend_Controller_Front->dispatch()
#7 /website/application/libraries/Zend/Application.php(366): Zend_Application_Bootstrap_Bootstrap->run()
#8 /website/install/index.php(87): Zend_Application->run()
#9 {main}

2015-11-28T18:52:19+00:00 WARN (4): [2] session_write_close(): Failed to write session data (files). Please verify that the current setting of session.save_path is correct (/website/temporary/session/) (/website/application/libraries/Zend/Session.php) [727]
Error Code: 3b76ff
Stack trace:
#0 /website/application/libraries/Zend/Controller/Action/Helper/Redirector.php(483): Zend_Session::writeClose()
#1 /website/application/libraries/Zend/Controller/Action/Helper/Redirector.php(423): Zend_Controller_Action_Helper_Redirector->redirectAndExit()
#2 /website/install/controllers/IndexController.php(25): Zend_Controller_Action_Helper_Redirector->gotoRoute()
#3 /website/application/libraries/Zend/Controller/Action.php(516): IndexController->indexAction()
#4 /website/application/libraries/Zend/Controller/Dispatcher/Standard.php(308): Zend_Controller_Action->dispatch()
#5 /website/application/libraries/Zend/Controller/Front.php(954): Zend_Controller_Dispatcher_Standard->dispatch()
#6 /website/application/libraries/Zend/Application/Bootstrap/Bootstrap.php(97): Zend_Controller_Front->dispatch()
#7 /website/application/libraries/Zend/Application.php(366): Zend_Application_Bootstrap_Bootstrap->run()
#8 /website/install/index.php(87): Zend_Application->run()
#9 {main}

2015-11-28T18:56:47+00:00 WARN (4): [2] session_write_close(): Failed to write session data (files). Please verify that the current setting of session.save_path is correct (/website/temporary/session/) (/website/application/libraries/Zend/Session.php) [727]
Error Code: 7521fe
Stack trace:
#0 /website/application/libraries/Zend/Controller/Action/Helper/Redirector.php(483): Zend_Session::writeClose()
#1 /website/application/libraries/Zend/Controller/Action/Helper/Redirector.php(423): Zend_Controller_Action_Helper_Redirector->redirectAndExit()
#2 /website/install/controllers/InstallController.php(87): Zend_Controller_Action_Helper_Redirector->gotoRoute()
#3 /website/application/libraries/Zend/Controller/Action.php(516): InstallController->licenseAction()
#4 /website/application/libraries/Zend/Controller/Dispatcher/Standard.php(308): Zend_Controller_Action->dispatch()
#5 /website/application/libraries/Zend/Controller/Front.php(954): Zend_Controller_Dispatcher_Standard->dispatch()
#6 /website/application/libraries/Zend/Application/Bootstrap/Bootstrap.php(97): Zend_Controller_Front->dispatch()
#7 /website/application/libraries/Zend/Application.php(366): Zend_Application_Bootstrap_Bootstrap->run()
#8 /website/install/index.php(87): Zend_Application->run()
#9 {main}

2015-11-28T18:56:47+00:00 WARN (4): [2] session_write_close(): Failed to write session data (files). Please verify that the current setting of session.save_path is correct (/website/temporary/session/) (/website/application/libraries/Zend/Session.php) [727]
Error Code: 56de1f
Stack trace:
#0 /website/application/libraries/Zend/Controller/Action/Helper/Redirector.php(483): Zend_Session::writeClose()
#1 /website/application/libraries/Zend/Controller/Action/Helper/Redirector.php(423): Zend_Controller_Action_Helper_Redirector->redirectAndExit()
#2 /website/install/controllers/InstallController.php(37): Zend_Controller_Action_Helper_Redirector->gotoRoute()
#3 /website/application/libraries/Zend/Controller/Action.php(133): InstallController->init()
#4 /website/application/libraries/Zend/Controller/Dispatcher/Standard.php(281): Zend_Controller_Action->__construct()
#5 /website/application/libraries/Zend/Controller/Front.php(954): Zend_Controller_Dispatcher_Standard->dispatch()
#6 /website/application/libraries/Zend/Application/Bootstrap/Bootstrap.php(97): Zend_Controller_Front->dispatch()
#7 /website/application/libraries/Zend/Application.php(366): Zend_Application_Bootstrap_Bootstrap->run()
#8 /website/install/index.php(87): Zend_Application->run()
#9 {main}

2015-11-28T18:58:48+00:00 WARN (4): [2] session_write_close(): Failed to write session data (files). Please verify that the current setting of session.save_path is correct (/website/temporary/session/) (/website/application/libraries/Zend/Session.php) [727]
Error Code: 899521
Stack trace:
#0 /website/application/libraries/Zend/Controller/Action/Helper/Redirector.php(483): Zend_Session::writeClose()
#1 /website/application/libraries/Zend/Controller/Action/Helper/Redirector.php(423): Zend_Controller_Action_Helper_Redirector->redirectAndExit()
#2 /website/install/controllers/InstallController.php(87): Zend_Controller_Action_Helper_Redirector->gotoRoute()
#3 /website/application/libraries/Zend/Controller/Action.php(516): InstallController->licenseAction()
#4 /website/application/libraries/Zend/Controller/Dispatcher/Standard.php(308): Zend_Controller_Action->dispatch()
#5 /website/application/libraries/Zend/Controller/Front.php(954): Zend_Controller_Dispatcher_Standard->dispatch()
#6 /website/application/libraries/Zend/Application/Bootstrap/Bootstrap.php(97): Zend_Controller_Front->dispatch()
#7 /website/application/libraries/Zend/Application.php(366): Zend_Application_Bootstrap_Bootstrap->run()
#8 /website/install/index.php(87): Zend_Application->run()
#9 {main}

2015-11-28T18:58:49+00:00 WARN (4): [2] session_write_close(): Failed to write session data (files). Please verify that the current setting of session.save_path is correct (/website/temporary/session/) (/website/application/libraries/Zend/Session.php) [727]
Error Code: 34e491
Stack trace:
#0 /website/application/libraries/Zend/Controller/Action/Helper/Redirector.php(483): Zend_Session::writeClose()
#1 /website/application/libraries/Zend/Controller/Action/Helper/Redirector.php(423): Zend_Controller_Action_Helper_Redirector->redirectAndExit()
#2 /website/install/controllers/InstallController.php(37): Zend_Controller_Action_Helper_Redirector->gotoRoute()
#3 /website/application/libraries/Zend/Controller/Action.php(133): InstallController->init()
#4 /website/application/libraries/Zend/Controller/Dispatcher/Standard.php(281): Zend_Controller_Action->__construct()
#5 /website/application/libraries/Zend/Controller/Front.php(954): Zend_Controller_Dispatcher_Standard->dispatch()
#6 /website/application/libraries/Zend/Application/Bootstrap/Bootstrap.php(97): Zend_Controller_Front->dispatch()
#7 /website/application/libraries/Zend/Application.php(366): Zend_Application_Bootstrap_Bootstrap->run()
#8 /website/install/index.php(87): Zend_Application->run()
#9 {main}

2015-11-28T19:01:54+00:00 WARN (4): [2] session_write_close(): Failed to write session data (files). Please verify that the current setting of session.save_path is correct (/website/temporary/session/) (/website/application/libraries/Zend/Session.php) [727]
Error Code: 2fbc45
Stack trace:
#0 /website/application/libraries/Zend/Controller/Action/Helper/Redirector.php(483): Zend_Session::writeClose()
#1 /website/application/libraries/Zend/Controller/Action/Helper/Redirector.php(423): Zend_Controller_Action_Helper_Redirector->redirectAndExit()
#2 /website/install/controllers/IndexController.php(25): Zend_Controller_Action_Helper_Redirector->gotoRoute()
#3 /website/application/libraries/Zend/Controller/Action.php(516): IndexController->indexAction()
#4 /website/application/libraries/Zend/Controller/Dispatcher/Standard.php(308): Zend_Controller_Action->dispatch()
#5 /website/application/libraries/Zend/Controller/Front.php(954): Zend_Controller_Dispatcher_Standard->dispatch()
#6 /website/application/libraries/Zend/Application/Bootstrap/Bootstrap.php(97): Zend_Controller_Front->dispatch()
#7 /website/application/libraries/Zend/Application.php(366): Zend_Application_Bootstrap_Bootstrap->run()
#8 /website/install/index.php(87): Zend_Application->run()
#9 {main}

2015-11-28T19:02:46+00:00 WARN (4): [2] session_write_close(): Failed to write session data (files). Please verify that the current setting of session.save_path is correct (/website/temporary/session/) (/website/application/libraries/Zend/Session.php) [727]
Error Code: 1425ed
Stack trace:
#0 /website/application/libraries/Zend/Controller/Action/Helper/Redirector.php(483): Zend_Session::writeClose()
#1 /website/application/libraries/Zend/Controller/Action/Helper/Redirector.php(423): Zend_Controller_Action_Helper_Redirector->redirectAndExit()
#2 /website/install/controllers/InstallController.php(87): Zend_Controller_Action_Helper_Redirector->gotoRoute()
#3 /website/application/libraries/Zend/Controller/Action.php(516): InstallController->licenseAction()
#4 /website/application/libraries/Zend/Controller/Dispatcher/Standard.php(308): Zend_Controller_Action->dispatch()
#5 /website/application/libraries/Zend/Controller/Front.php(954): Zend_Controller_Dispatcher_Standard->dispatch()
#6 /website/application/libraries/Zend/Application/Bootstrap/Bootstrap.php(97): Zend_Controller_Front->dispatch()
#7 /website/application/libraries/Zend/Application.php(366): Zend_Application_Bootstrap_Bootstrap->run()
#8 /website/install/index.php(87): Zend_Application->run()
#9 {main}

2015-11-28T19:02:46+00:00 WARN (4): [2] session_write_close(): Failed to write session data (files). Please verify that the current setting of session.save_path is correct (/website/temporary/session/) (/website/application/libraries/Zend/Session.php) [727]
Error Code: 14c266
Stack trace:
#0 /website/application/libraries/Zend/Controller/Action/Helper/Redirector.php(483): Zend_Session::writeClose()
#1 /website/application/libraries/Zend/Controller/Action/Helper/Redirector.php(423): Zend_Controller_Action_Helper_Redirector->redirectAndExit()
#2 /website/install/controllers/InstallController.php(37): Zend_Controller_Action_Helper_Redirector->gotoRoute()
#3 /website/application/libraries/Zend/Controller/Action.php(133): InstallController->init()
#4 /website/application/libraries/Zend/Controller/Dispatcher/Standard.php(281): Zend_Controller_Action->__construct()
#5 /website/application/libraries/Zend/Controller/Front.php(954): Zend_Controller_Dispatcher_Standard->dispatch()
#6 /website/application/libraries/Zend/Application/Bootstrap/Bootstrap.php(97): Zend_Controller_Front->dispatch()
#7 /website/application/libraries/Zend/Application.php(366): Zend_Application_Bootstrap_Bootstrap->run()
#8 /website/install/index.php(87): Zend_Application->run()
#9 {main}

2015-11-28T19:03:04+00:00 WARN (4): [2] session_write_close(): Failed to write session data (files). Please verify that the current setting of session.save_path is correct (/website/temporary/session/) (/website/application/libraries/Zend/Session.php) [727]
Error Code: 73e6e0
Stack trace:
#0 /website/application/libraries/Zend/Controller/Action/Helper/Redirector.php(483): Zend_Session::writeClose()
#1 /website/application/libraries/Zend/Controller/Action/Helper/Redirector.php(423): Zend_Controller_Action_Helper_Redirector->redirectAndExit()
#2 /website/install/controllers/InstallController.php(87): Zend_Controller_Action_Helper_Redirector->gotoRoute()
#3 /website/application/libraries/Zend/Controller/Action.php(516): InstallController->licenseAction()
#4 /website/application/libraries/Zend/Controller/Dispatcher/Standard.php(308): Zend_Controller_Action->dispatch()
#5 /website/application/libraries/Zend/Controller/Front.php(954): Zend_Controller_Dispatcher_Standard->dispatch()
#6 /website/application/libraries/Zend/Application/Bootstrap/Bootstrap.php(97): Zend_Controller_Front->dispatch()
#7 /website/application/libraries/Zend/Application.php(366): Zend_Application_Bootstrap_Bootstrap->run()
#8 /website/install/index.php(87): Zend_Application->run()
#9 {main}

2015-11-28T19:03:04+00:00 WARN (4): [2] session_write_close(): Failed to write session data (files). Please verify that the current setting of session.save_path is correct (/website/temporary/session/) (/website/application/libraries/Zend/Session.php) [727]
Error Code: 7ed21a
Stack trace:
#0 /website/application/libraries/Zend/Controller/Action/Helper/Redirector.php(483): Zend_Session::writeClose()
#1 /website/application/libraries/Zend/Controller/Action/Helper/Redirector.php(423): Zend_Controller_Action_Helper_Redirector->redirectAndExit()
#2 /website/install/controllers/InstallController.php(37): Zend_Controller_Action_Helper_Redirector->gotoRoute()
#3 /website/application/libraries/Zend/Controller/Action.php(133): InstallController->init()
#4 /website/application/libraries/Zend/Controller/Dispatcher/Standard.php(281): Zend_Controller_Action->__construct()
#5 /website/application/libraries/Zend/Controller/Front.php(954): Zend_Controller_Dispatcher_Standard->dispatch()
#6 /website/application/libraries/Zend/Application/Bootstrap/Bootstrap.php(97): Zend_Controller_Front->dispatch()
#7 /website/application/libraries/Zend/Application.php(366): Zend_Application_Bootstrap_Bootstrap->run()
#8 /website/install/index.php(87): Zend_Application->run()
#9 {main}

2015-11-28T19:06:12+00:00 WARN (4): [2] session_write_close(): Failed to write session data (files). Please verify that the current setting of session.save_path is correct (/website/temporary/session/) (/website/application/libraries/Zend/Session.php) [727]
Error Code: 0aac45
Stack trace:
#0 /website/application/libraries/Zend/Controller/Action/Helper/Redirector.php(483): Zend_Session::writeClose()
#1 /website/application/libraries/Zend/Controller/Action/Helper/Redirector.php(423): Zend_Controller_Action_Helper_Redirector->redirectAndExit()
#2 /website/install/controllers/InstallController.php(87): Zend_Controller_Action_Helper_Redirector->gotoRoute()
#3 /website/application/libraries/Zend/Controller/Action.php(516): InstallController->licenseAction()
#4 /website/application/libraries/Zend/Controller/Dispatcher/Standard.php(308): Zend_Controller_Action->dispatch()
#5 /website/application/libraries/Zend/Controller/Front.php(954): Zend_Controller_Dispatcher_Standard->dispatch()
#6 /website/application/libraries/Zend/Application/Bootstrap/Bootstrap.php(97): Zend_Controller_Front->dispatch()
#7 /website/application/libraries/Zend/Application.php(366): Zend_Application_Bootstrap_Bootstrap->run()
#8 /website/install/index.php(87): Zend_Application->run()
#9 {main}

2015-11-28T19:06:12+00:00 WARN (4): [2] session_write_close(): Failed to write session data (files). Please verify that the current setting of session.save_path is correct (/website/temporary/session/) (/website/application/libraries/Zend/Session.php) [727]
Error Code: bd1327
Stack trace:
#0 /website/application/libraries/Zend/Controller/Action/Helper/Redirector.php(483): Zend_Session::writeClose()
#1 /website/application/libraries/Zend/Controller/Action/Helper/Redirector.php(423): Zend_Controller_Action_Helper_Redirector->redirectAndExit()
#2 /website/install/controllers/InstallController.php(37): Zend_Controller_Action_Helper_Redirector->gotoRoute()
#3 /website/application/libraries/Zend/Controller/Action.php(133): InstallController->init()
#4 /website/application/libraries/Zend/Controller/Dispatcher/Standard.php(281): Zend_Controller_Action->__construct()
#5 /website/application/libraries/Zend/Controller/Front.php(954): Zend_Controller_Dispatcher_Standard->dispatch()
#6 /website/application/libraries/Zend/Application/Bootstrap/Bootstrap.php(97): Zend_Controller_Front->dispatch()
#7 /website/application/libraries/Zend/Application.php(366): Zend_Application_Bootstrap_Bootstrap->run()
#8 /website/install/index.php(87): Zend_Application->run()
#9 {main}

2015-11-28T20:34:18+00:00 WARN (4): [2] session_write_close(): Failed to write session data (files). Please verify that the current setting of session.save_path is correct (/website/temporary/session/) (/website/application/libraries/Zend/Session.php) [727]
Error Code: 96f354
Stack trace:
#0 /website/application/libraries/Zend/Controller/Action/Helper/Redirector.php(483): Zend_Session::writeClose()
#1 /website/application/libraries/Zend/Controller/Action/Helper/Redirector.php(423): Zend_Controller_Action_Helper_Redirector->redirectAndExit()
#2 /website/install/controllers/InstallController.php(87): Zend_Controller_Action_Helper_Redirector->gotoRoute()
#3 /website/application/libraries/Zend/Controller/Action.php(516): InstallController->licenseAction()
#4 /website/application/libraries/Zend/Controller/Dispatcher/Standard.php(308): Zend_Controller_Action->dispatch()
#5 /website/application/libraries/Zend/Controller/Front.php(954): Zend_Controller_Dispatcher_Standard->dispatch()
#6 /website/application/libraries/Zend/Application/Bootstrap/Bootstrap.php(97): Zend_Controller_Front->dispatch()
#7 /website/application/libraries/Zend/Application.php(366): Zend_Application_Bootstrap_Bootstrap->run()
#8 /website/install/index.php(87): Zend_Application->run()
#9 {main}

2015-11-28T20:34:18+00:00 WARN (4): [2] session_write_close(): Failed to write session data (files). Please verify that the current setting of session.save_path is correct (/website/temporary/session/) (/website/application/libraries/Zend/Session.php) [727]
Error Code: 59ce91
Stack trace:
#0 /website/application/libraries/Zend/Controller/Action/Helper/Redirector.php(483): Zend_Session::writeClose()
#1 /website/application/libraries/Zend/Controller/Action/Helper/Redirector.php(423): Zend_Controller_Action_Helper_Redirector->redirectAndExit()
#2 /website/install/controllers/InstallController.php(37): Zend_Controller_Action_Helper_Redirector->gotoRoute()
#3 /website/application/libraries/Zend/Controller/Action.php(133): InstallController->init()
#4 /website/application/libraries/Zend/Controller/Dispatcher/Standard.php(281): Zend_Controller_Action->__construct()
#5 /website/application/libraries/Zend/Controller/Front.php(954): Zend_Controller_Dispatcher_Standard->dispatch()
#6 /website/application/libraries/Zend/Application/Bootstrap/Bootstrap.php(97): Zend_Controller_Front->dispatch()
#7 /website/application/libraries/Zend/Application.php(366): Zend_Application_Bootstrap_Bootstrap->run()
#8 /website/install/index.php(87): Zend_Application->run()
#9 {main}

2015-11-28T21:02:23+00:00 WARN (4): [2] session_write_close(): Failed to write session data (files). Please verify that the current setting of session.save_path is correct (/website/temporary/session/) (/website/application/libraries/Zend/Session.php) [727]
Error Code: 759507
Stack trace:
#0 /website/application/libraries/Zend/Controller/Action/Helper/Redirector.php(483): Zend_Session::writeClose()
#1 /website/application/libraries/Zend/Controller/Action/Helper/Redirector.php(423): Zend_Controller_Action_Helper_Redirector->redirectAndExit()
#2 /website/install/controllers/InstallController.php(87): Zend_Controller_Action_Helper_Redirector->gotoRoute()
#3 /website/application/libraries/Zend/Controller/Action.php(516): InstallController->licenseAction()
#4 /website/application/libraries/Zend/Controller/Dispatcher/Standard.php(308): Zend_Controller_Action->dispatch()
#5 /website/application/libraries/Zend/Controller/Front.php(954): Zend_Controller_Dispatcher_Standard->dispatch()
#6 /website/application/libraries/Zend/Application/Bootstrap/Bootstrap.php(97): Zend_Controller_Front->dispatch()
#7 /website/application/libraries/Zend/Application.php(366): Zend_Application_Bootstrap_Bootstrap->run()
#8 /website/install/index.php(87): Zend_Application->run()
#9 {main}

2015-11-29T18:07:13+00:00 WARN (4): [2] session_write_close(): Failed to write session data (files). Please verify that the current setting of session.save_path is correct (/website/temporary/session/) (/website/application/libraries/Zend/Session.php) [727]
Error Code: 1ec7f3
Stack trace:
#0 /website/application/libraries/Zend/Controller/Action/Helper/Redirector.php(483): Zend_Session::writeClose()
#1 /website/application/libraries/Zend/Controller/Action/Helper/Redirector.php(423): Zend_Controller_Action_Helper_Redirector->redirectAndExit()
#2 /website/install/controllers/IndexController.php(25): Zend_Controller_Action_Helper_Redirector->gotoRoute()
#3 /website/application/libraries/Zend/Controller/Action.php(516): IndexController->indexAction()
#4 /website/application/libraries/Zend/Controller/Dispatcher/Standard.php(308): Zend_Controller_Action->dispatch()
#5 /website/application/libraries/Zend/Controller/Front.php(954): Zend_Controller_Dispatcher_Standard->dispatch()
#6 /website/application/libraries/Zend/Application/Bootstrap/Bootstrap.php(97): Zend_Controller_Front->dispatch()
#7 /website/application/libraries/Zend/Application.php(366): Zend_Application_Bootstrap_Bootstrap->run()
#8 /website/install/index.php(87): Zend_Application->run()
#9 {main}

2015-11-29T18:08:17+00:00 WARN (4): [2] session_write_close(): Failed to write session data (files). Please verify that the current setting of session.save_path is correct (/website/temporary/session/) (/website/application/libraries/Zend/Session.php) [727]
Error Code: b247c9
Stack trace:
#0 /website/application/libraries/Zend/Controller/Action/Helper/Redirector.php(483): Zend_Session::writeClose()
#1 /website/application/libraries/Zend/Controller/Action/Helper/Redirector.php(423): Zend_Controller_Action_Helper_Redirector->redirectAndExit()
#2 /website/install/controllers/InstallController.php(87): Zend_Controller_Action_Helper_Redirector->gotoRoute()
#3 /website/application/libraries/Zend/Controller/Action.php(516): InstallController->licenseAction()
#4 /website/application/libraries/Zend/Controller/Dispatcher/Standard.php(308): Zend_Controller_Action->dispatch()
#5 /website/application/libraries/Zend/Controller/Front.php(954): Zend_Controller_Dispatcher_Standard->dispatch()
#6 /website/application/libraries/Zend/Application/Bootstrap/Bootstrap.php(97): Zend_Controller_Front->dispatch()
#7 /website/application/libraries/Zend/Application.php(366): Zend_Application_Bootstrap_Bootstrap->run()
#8 /website/install/index.php(87): Zend_Application->run()
#9 {main}

2015-11-29T18:08:18+00:00 WARN (4): [2] session_write_close(): Failed to write session data (files). Please verify that the current setting of session.save_path is correct (/website/temporary/session/) (/website/application/libraries/Zend/Session.php) [727]
Error Code: c899eb
Stack trace:
#0 /website/application/libraries/Zend/Controller/Action/Helper/Redirector.php(483): Zend_Session::writeClose()
#1 /website/application/libraries/Zend/Controller/Action/Helper/Redirector.php(423): Zend_Controller_Action_Helper_Redirector->redirectAndExit()
#2 /website/install/controllers/InstallController.php(37): Zend_Controller_Action_Helper_Redirector->gotoRoute()
#3 /website/application/libraries/Zend/Controller/Action.php(133): InstallController->init()
#4 /website/application/libraries/Zend/Controller/Dispatcher/Standard.php(281): Zend_Controller_Action->__construct()
#5 /website/application/libraries/Zend/Controller/Front.php(954): Zend_Controller_Dispatcher_Standard->dispatch()
#6 /website/application/libraries/Zend/Application/Bootstrap/Bootstrap.php(97): Zend_Controller_Front->dispatch()
#7 /website/application/libraries/Zend/Application.php(366): Zend_Application_Bootstrap_Bootstrap->run()
#8 /website/install/index.php(87): Zend_Application->run()
#9 {main}

2015-11-29T18:22:20+00:00 WARN (4): [2] session_write_close(): Failed to write session data (files). Please verify that the current setting of session.save_path is correct (/website/temporary/session/) (/website/application/libraries/Zend/Session.php) [727]
Error Code: 812035
Stack trace:
#0 /website/application/libraries/Zend/Controller/Action/Helper/Redirector.php(483): Zend_Session::writeClose()
#1 /website/application/libraries/Zend/Controller/Action/Helper/Redirector.php(423): Zend_Controller_Action_Helper_Redirector->redirectAndExit()
#2 /website/install/controllers/InstallController.php(87): Zend_Controller_Action_Helper_Redirector->gotoRoute()
#3 /website/application/libraries/Zend/Controller/Action.php(516): InstallController->licenseAction()
#4 /website/application/libraries/Zend/Controller/Dispatcher/Standard.php(308): Zend_Controller_Action->dispatch()
#5 /website/application/libraries/Zend/Controller/Front.php(954): Zend_Controller_Dispatcher_Standard->dispatch()
#6 /website/application/libraries/Zend/Application/Bootstrap/Bootstrap.php(97): Zend_Controller_Front->dispatch()
#7 /website/application/libraries/Zend/Application.php(366): Zend_Application_Bootstrap_Bootstrap->run()
#8 /website/install/index.php(87): Zend_Application->run()
#9 {main}

2015-11-29T18:22:21+00:00 WARN (4): [2] session_write_close(): Failed to write session data (files). Please verify that the current setting of session.save_path is correct (/website/temporary/session/) (/website/application/libraries/Zend/Session.php) [727]
Error Code: ea9ed4
Stack trace:
#0 /website/application/libraries/Zend/Controller/Action/Helper/Redirector.php(483): Zend_Session::writeClose()
#1 /website/application/libraries/Zend/Controller/Action/Helper/Redirector.php(423): Zend_Controller_Action_Helper_Redirector->redirectAndExit()
#2 /website/install/controllers/InstallController.php(37): Zend_Controller_Action_Helper_Redirector->gotoRoute()
#3 /website/application/libraries/Zend/Controller/Action.php(133): InstallController->init()
#4 /website/application/libraries/Zend/Controller/Dispatcher/Standard.php(281): Zend_Controller_Action->__construct()
#5 /website/application/libraries/Zend/Controller/Front.php(954): Zend_Controller_Dispatcher_Standard->dispatch()
#6 /website/application/libraries/Zend/Application/Bootstrap/Bootstrap.php(97): Zend_Controller_Front->dispatch()
#7 /website/application/libraries/Zend/Application.php(366): Zend_Application_Bootstrap_Bootstrap->run()
#8 /website/install/index.php(87): Zend_Application->run()
#9 {main}

